<?xml version="1.0" encoding="UTF-8"?>
<!-- Generated by org.testng.reporters.JUnitXMLReporter -->
<testsuite ignored="1" hostname="AXEL-HP" failures="0" tests="2" name="Default test" time="11.955" errors="0" timestamp="2021-01-04T12:34:14 ART">
  <testcase classname="casosReales.Omayo" name="tituloPagina" time="0.027"/>
  <testcase classname="casosReales.Omayo" name="textoDesaparece" time="0.106"/>
  <testcase classname="casosReales.Omayo" name="textoAparece" time="0.0">
    <ignored/>
  </testcase> <!-- textoAparece -->
</testsuite> <!-- Default test -->
