<?xml version="1.0" encoding="UTF-8"?>
<!-- Generated by org.testng.reporters.JUnitXMLReporter -->
<testsuite ignored="4" hostname="AXEL-HP" failures="0" tests="2" name="Default test" time="40.578" errors="0" timestamp="2021-01-04T18:10:02 ART">
  <testcase classname="casosReales.Omayo" name="linksExternos" time="26.948"/>
  <testcase classname="casosReales.Omayo" name="linksInternos" time="2.136"/>
  <testcase classname="casosReales.Omayo" name="textoAparece" time="0.0">
    <ignored/>
  </testcase> <!-- textoAparece -->
  <testcase classname="casosReales.Omayo" name="textoDesaparece" time="0.0">
    <ignored/>
  </testcase> <!-- textoDesaparece -->
  <testcase classname="casosReales.Omayo" name="tituloPagina" time="0.0">
    <ignored/>
  </testcase> <!-- tituloPagina -->
  <testcase classname="casosReales.Omayo" name="envioMail" time="0.0">
    <ignored/>
  </testcase> <!-- envioMail -->
</testsuite> <!-- Default test -->
