<?xml version="1.0" encoding="UTF-8"?>
<!-- Generated by org.testng.reporters.JUnitXMLReporter -->
<testsuite ignored="1" hostname="AXEL-HP" failures="0" tests="5" name="Test" time="18.855" errors="0" timestamp="2021-01-04T12:34:49 ART">
  <testcase classname="casosReales.Compendiumdev" name="verificarBoton1" time="0.182"/>
  <testcase classname="casosReales.Compendiumdev" name="verificarBoton2" time="0.266"/>
  <testcase classname="casosReales.Compendiumdev" name="verificarBoton3" time="0.279"/>
  <testcase classname="casosReales.Omayo" name="tituloPagina" time="0.016"/>
  <testcase classname="casosReales.Omayo" name="textoDesaparece" time="0.071"/>
  <testcase classname="casosReales.Omayo" name="textoAparece" time="0.0">
    <ignored/>
  </testcase> <!-- textoAparece -->
</testsuite> <!-- Test -->
