<?xml version="1.0" encoding="UTF-8"?>
<!-- Generated by org.testng.reporters.JUnitXMLReporter -->
<testsuite ignored="1" hostname="AXEL-HP" failures="0" tests="5" name="Test" time="0.249" errors="0" timestamp="2021-01-04T12:00:08 ART">
  <testcase classname="casosReales.Compendiumdev" name="@BeforeTest inicio" time="0.021">
    <failure type="java.lang.Error" message="Unresolved compilation problems: 
	Util cannot be resolved to a type
	Util cannot be resolved to a type
	Util cannot be resolved
">
      <![CDATA[java.lang.Error: Unresolved compilation problems: 
Util cannot be resolved to a type
Util cannot be resolved to a type
Util cannot be resolved

at casosReales.Compendiumdev.inicio(Compendiumdev.java:88)
... Removed 24 stack frames]]>
    </failure>
  </testcase> <!-- @BeforeTest inicio -->
  <testcase classname="casosReales.Omayo" name="@BeforeTest accederPagina" time="-1.609772407952E9">
    <skipped/>
  </testcase> <!-- @BeforeTest accederPagina -->
  <testcase classname="casosReales.Compendiumdev" name="@BeforeMethod f" time="-1.609772408033E9">
    <skipped/>
  </testcase> <!-- @BeforeMethod f -->
  <testcase classname="casosReales.Compendiumdev" name="@AfterMethod volverLandingPage" time="-1.609772408049E9">
    <skipped/>
  </testcase> <!-- @AfterMethod volverLandingPage -->
  <testcase classname="casosReales.Compendiumdev" name="@BeforeMethod f" time="-1.609772408061E9">
    <skipped/>
  </testcase> <!-- @BeforeMethod f -->
  <testcase classname="casosReales.Compendiumdev" name="@AfterMethod volverLandingPage" time="-1.60977240808E9">
    <skipped/>
  </testcase> <!-- @AfterMethod volverLandingPage -->
  <testcase classname="casosReales.Compendiumdev" name="@BeforeMethod f" time="-1.609772408085E9">
    <skipped/>
  </testcase> <!-- @BeforeMethod f -->
  <testcase classname="casosReales.Compendiumdev" name="@AfterMethod volverLandingPage" time="-1.609772408107E9">
    <skipped/>
  </testcase> <!-- @AfterMethod volverLandingPage -->
  <testcase classname="casosReales.Compendiumdev" name="@AfterTest finalizar" time="-1.609772408135E9">
    <skipped/>
  </testcase> <!-- @AfterTest finalizar -->
  <testcase classname="casosReales.Omayo" name="@AfterTest cerrarPagina" time="-1.609772408142E9">
    <skipped/>
  </testcase> <!-- @AfterTest cerrarPagina -->
  <testcase classname="casosReales.Compendiumdev" name="verificarBoton1" time="0.0">
    <skipped/>
  </testcase> <!-- verificarBoton1 -->
  <testcase classname="casosReales.Compendiumdev" name="verificarBoton2" time="0.0">
    <skipped/>
  </testcase> <!-- verificarBoton2 -->
  <testcase classname="casosReales.Compendiumdev" name="verificarBoton3" time="0.0">
    <skipped/>
  </testcase> <!-- verificarBoton3 -->
  <testcase classname="casosReales.Omayo" name="tituloPagina" time="0.0">
    <skipped/>
  </testcase> <!-- tituloPagina -->
  <testcase classname="casosReales.Omayo" name="textoDesaparece" time="0.0">
    <skipped/>
  </testcase> <!-- textoDesaparece -->
  <testcase classname="casosReales.Omayo" name="textoAparece" time="0.0">
    <ignored/>
  </testcase> <!-- textoAparece -->
</testsuite> <!-- Test -->
