<?xml version="1.0" encoding="UTF-8"?>
<testng-results ignored="3" total="4" passed="1" failed="0" skipped="0">
  <reporter-output>
  </reporter-output>
  <suite started-at="2021-01-04T14:30:49 ART" name="Default suite" finished-at="2021-01-04T14:31:07 ART" duration-ms="18258">
    <groups>
    </groups>
    <test started-at="2021-01-04T14:30:49 ART" name="Default test" finished-at="2021-01-04T14:31:07 ART" duration-ms="18258">
      <class name="casosReales.Omayo">
        <test-method is-config="true" signature="accederPagina()[pri:0, instance:casosReales.Omayo@73ee04c8]" started-at="2021-01-04T14:30:49 ART" name="accederPagina" finished-at="2021-01-04T14:31:02 ART" duration-ms="13284" status="PASS">
          <reporter-output>
          </reporter-output>
        </test-method> <!-- accederPagina -->
        <test-method signature="envioMail()[pri:2, instance:casosReales.Omayo@73ee04c8]" started-at="2021-01-04T14:31:02 ART" name="envioMail" finished-at="2021-01-04T14:31:06 ART" duration-ms="4012" status="PASS">
          <reporter-output>
          </reporter-output>
        </test-method> <!-- envioMail -->
        <test-method is-config="true" signature="cerrarPagina()[pri:0, instance:casosReales.Omayo@73ee04c8]" started-at="2021-01-04T14:31:06 ART" name="cerrarPagina" finished-at="2021-01-04T14:31:07 ART" duration-ms="859" status="PASS">
          <reporter-output>
          </reporter-output>
        </test-method> <!-- cerrarPagina -->
      </class> <!-- casosReales.Omayo -->
    </test> <!-- Default test -->
  </suite> <!-- Default suite -->
</testng-results>
